cl : 명령줄 warning D9035: 'Gm' 옵션은 더 이상 사용되지 않으므로 이후 릴리스에서 제거될 예정입니다.
  virtualLego.cpp
C:\Users\JSL\Documents\대학생\객지프\proj3\oop22_proj3\d3dUtility.h(23,1): warning C4005: 'INFINITY': 매크로 재정의
C:\Program Files (x86)\Windows Kits\10\Include\10.0.19041.0\ucrt\corecrt_math.h(88): message : 'INFINITY'의 이전 정의를 참조하십시오.
C:\Users\JSL\Documents\대학생\객지프\proj3\oop22_proj3\virtualLego.cpp(32,146): warning C4305: '초기화 중': 'double'에서 'const float'(으)로 잘립니다.
C:\Users\JSL\Documents\대학생\객지프\proj3\oop22_proj3\virtualLego.cpp(133,16): warning C4244: '초기화 중': 'double'에서 'float'(으)로 변환하면서 데이터가 손실될 수 있습니다.
C:\Users\JSL\Documents\대학생\객지프\proj3\oop22_proj3\virtualLego.cpp(134,19): warning C4244: '초기화 중': 'double'에서 'float'(으)로 변환하면서 데이터가 손실될 수 있습니다.
C:\Users\JSL\Documents\대학생\객지프\proj3\oop22_proj3\virtualLego.cpp(147,1): warning C4305: '초기화 중': 'double'에서 'float'(으)로 잘립니다.
C:\Users\JSL\Documents\대학생\객지프\proj3\oop22_proj3\virtualLego.cpp(160,1): warning C4305: '=': 'double'에서 'float'(으)로 잘립니다.
C:\Users\JSL\Documents\대학생\객지프\proj3\oop22_proj3\virtualLego.cpp(162,1): warning C4305: '=': 'double'에서 'float'(으)로 잘립니다.
C:\Users\JSL\Documents\대학생\객지프\proj3\oop22_proj3\virtualLego.cpp(166,1): warning C4305: '=': 'double'에서 'float'(으)로 잘립니다.
C:\Users\JSL\Documents\대학생\객지프\proj3\oop22_proj3\virtualLego.cpp(186,24): warning C4244: '=': 'double'에서 'float'(으)로 변환하면서 데이터가 손실될 수 있습니다.
C:\Users\JSL\Documents\대학생\객지프\proj3\oop22_proj3\virtualLego.cpp(187,24): warning C4244: '=': 'double'에서 'float'(으)로 변환하면서 데이터가 손실될 수 있습니다.
C:\Users\JSL\Documents\대학생\객지프\proj3\oop22_proj3\virtualLego.cpp(284,21): warning C4244: '초기화 중': 'double'에서 'float'(으)로 변환하면서 데이터가 손실될 수 있습니다.
C:\Users\JSL\Documents\대학생\객지프\proj3\oop22_proj3\virtualLego.cpp(285,20): warning C4244: '초기화 중': 'double'에서 'float'(으)로 변환하면서 데이터가 손실될 수 있습니다.
C:\Users\JSL\Documents\대학생\객지프\proj3\oop22_proj3\virtualLego.cpp(286,19): warning C4244: '초기화 중': 'double'에서 'float'(으)로 변환하면서 데이터가 손실될 수 있습니다.
C:\Users\JSL\Documents\대학생\객지프\proj3\oop22_proj3\virtualLego.cpp(329,33): warning C4305: 'return': 'double'에서 'float'(으)로 잘립니다.
C:\Users\JSL\Documents\대학생\객지프\proj3\oop22_proj3\virtualLego.cpp(460,8): warning C4305: '인수': 'double'에서 'float'(으)로 잘립니다.
C:\Users\JSL\Documents\대학생\객지프\proj3\oop22_proj3\virtualLego.cpp(464,5): warning C4305: '인수': 'double'에서 'float'(으)로 잘립니다.
C:\Users\JSL\Documents\대학생\객지프\proj3\oop22_proj3\virtualLego.cpp(490,66): warning C4305: '인수': 'double'에서 'float'(으)로 잘립니다.
C:\Users\JSL\Documents\대학생\객지프\proj3\oop22_proj3\virtualLego.cpp(553,109): warning C4244: '인수': 'double'에서 'float'(으)로 변환하면서 데이터가 손실될 수 있습니다.
C:\Users\JSL\Documents\대학생\객지프\proj3\oop22_proj3\virtualLego.cpp(683,18): warning C4244: '=': 'int'에서 'float'(으)로 변환하면서 데이터가 손실될 수 있습니다.
  d3dUtility.cpp
C:\Users\JSL\Documents\대학생\객지프\proj3\oop22_proj3\d3dUtility.h(23,1): warning C4005: 'INFINITY': 매크로 재정의
C:\Program Files (x86)\Windows Kits\10\Include\10.0.19041.0\ucrt\corecrt_math.h(88): message : 'INFINITY'의 이전 정의를 참조하십시오.
  코드를 생성하고 있습니다...
d3dUtility.obj : warning LNK4075: '/EDITANDCONTINUE'이(가) '/SAFESEH' 사양으로 인해 무시됩니다.
  VirtualLego.vcxproj -> C:\Users\JSL\Documents\대학생\객지프\proj3\oop22_proj3\Debug\VirtualLego.exe
